app/build/outputs/logs/manifest-merger-debug-report.txt
-- Merging decision tree log ---
manifest
ADDED from src/main/AndroidManifest.xml:2:1-46:12
	package
		ADDED from src/main/AndroidManifest.xml:3:5-38
		INJECTED from src/main/AndroidManifest.xml
		INJECTED from src/main/AndroidManifest.xml
	android:versionName
		INJECTED from src/main/AndroidManifest.xml
		INJECTED from src/main/AndroidManifest.xml
	xmlns:android
		ADDED from src/main/AndroidManifest.xml:2:11-69
	android:versionCode
		INJECTED from src/main/AndroidManifest.xml
		INJECTED from src/main/AndroidManifest.xml
application
ADDED from src/main/AndroidManifest.xml:5:5-43:19
MERGED from [com.android.support:appcompat-v7:23.1.1] AndroidManifest.xml:22:5-20
MERGED from [com.android.support:support-v4:23.1.1] AndroidManifest.xml:22:5-20
MERGED from [com.android.support:design:23.1.1] AndroidManifest.xml:22:5-20
MERGED from [com.android.support:appcompat-v7:23.1.1] AndroidManifest.xml:22:5-20
MERGED from [com.android.support:support-v4:23.1.1] AndroidManifest.xml:22:5-20
MERGED from [com.android.support:support-v4:23.1.1] AndroidManifest.xml:22:5-20
MERGED from [com.android.support:support-v4:23.1.1] AndroidManifest.xml:22:5-20
	android:label
		ADDED from src/main/AndroidManifest.xml:8:9-41
	android:supportsRtl
		ADDED from src/main/AndroidManifest.xml:9:9-35
	android:allowBackup
		ADDED from src/main/AndroidManifest.xml:6:9-35
	android:icon
		ADDED from src/main/AndroidManifest.xml:7:9-43
	android:theme
		ADDED from src/main/AndroidManifest.xml:10:9-40
activity#com.todaysfuture.dynpin.MainActivity
ADDED from src/main/AndroidManifest.xml:11:9-19:20
	android:label
		ADDED from src/main/AndroidManifest.xml:13:13-45
	android:theme
		ADDED from src/main/AndroidManifest.xml:14:13-44
	android:name
		ADDED from src/main/AndroidManifest.xml:12:13-41
intent-filter#android.intent.action.MAIN+android.intent.category.LAUNCHER
ADDED from src/main/AndroidManifest.xml:15:13-18:29
action#android.intent.action.MAIN
ADDED from src/main/AndroidManifest.xml:16:17-69
	android:name
		ADDED from src/main/AndroidManifest.xml:16:25-66
category#android.intent.category.LAUNCHER
ADDED from src/main/AndroidManifest.xml:17:17-77
	android:name
		ADDED from src/main/AndroidManifest.xml:17:27-74
receiver#com.todaysfuture.dynpin.MainActivity$MyDevicePolicyReceiver
ADDED from src/main/AndroidManifest.xml:20:9-38:20
	android:label
		ADDED from src/main/AndroidManifest.xml:23:13-49
	android:permission
		ADDED from src/main/AndroidManifest.xml:24:13-70
	android:description
		ADDED from src/main/AndroidManifest.xml:22:13-67
	android:name
		ADDED from src/main/AndroidManifest.xml:21:13-64
meta-data#android.app.device_admin
ADDED from src/main/AndroidManifest.xml:25:13-27:59
	android:resource
		ADDED from src/main/AndroidManifest.xml:27:17-56
	android:name
		ADDED from src/main/AndroidManifest.xml:26:17-56
intent-filter#android.app.action.ACTION_PASSWORD_CHANGED+android.app.action.ACTION_PASSWORD_EXPIRING+android.app.action.ACTION_PASSWORD_FAILED+android.app.action.ACTION_PASSWORD_SUCCEEDED+android.app.action.DEVICE_ADMIN_DISABLED+android.app.action.DEVICE_ADMIN_DISABLE_REQUESTED+android.app.action.DEVICE_ADMIN_ENABLED
ADDED from src/main/AndroidManifest.xml:29:13-37:29
action#android.app.action.DEVICE_ADMIN_ENABLED
ADDED from src/main/AndroidManifest.xml:30:17-82
	android:name
		ADDED from src/main/AndroidManifest.xml:30:25-79
action#android.app.action.DEVICE_ADMIN_DISABLE_REQUESTED
ADDED from src/main/AndroidManifest.xml:31:17-92
	android:name
		ADDED from src/main/AndroidManifest.xml:31:25-89
action#android.app.action.DEVICE_ADMIN_DISABLED
ADDED from src/main/AndroidManifest.xml:32:17-83
	android:name
		ADDED from src/main/AndroidManifest.xml:32:25-80
action#android.app.action.ACTION_PASSWORD_CHANGED
ADDED from src/main/AndroidManifest.xml:33:17-85
	android:name
		ADDED from src/main/AndroidManifest.xml:33:25-82
action#android.app.action.ACTION_PASSWORD_EXPIRING
ADDED from src/main/AndroidManifest.xml:34:17-86
	android:name
		ADDED from src/main/AndroidManifest.xml:34:25-83
action#android.app.action.ACTION_PASSWORD_FAILED
ADDED from src/main/AndroidManifest.xml:35:17-84
	android:name
		ADDED from src/main/AndroidManifest.xml:35:25-81
action#android.app.action.ACTION_PASSWORD_SUCCEEDED
ADDED from src/main/AndroidManifest.xml:36:17-87
	android:name
		ADDED from src/main/AndroidManifest.xml:36:25-84
service#com.todaysfuture.dynpin.MyService
ADDED from src/main/AndroidManifest.xml:39:9-45
	android:name
		ADDED from src/main/AndroidManifest.xml:39:18-43
receiver#com.todaysfuture.dynpin.MyService$MyReceiver
ADDED from src/main/AndroidManifest.xml:40:9-57
	android:name
		ADDED from src/main/AndroidManifest.xml:40:19-55
receiver#com.todaysfuture.dynpin.MyABReceiver
ADDED from src/main/AndroidManifest.xml:41:9-72
	android:name
		ADDED from src/main/AndroidManifest.xml:41:19-70
service#com.todaysfuture.dynpin.MyABService
ADDED from src/main/AndroidManifest.xml:42:9-47
	android:name
		ADDED from src/main/AndroidManifest.xml:42:18-45
uses-sdk
INJECTED from src/main/AndroidManifest.xml reason: use-sdk injection requested
MERGED from [com.android.support:appcompat-v7:23.1.1] AndroidManifest.xml:20:5-43
MERGED from [com.android.support:support-v4:23.1.1] AndroidManifest.xml:20:5-43
MERGED from [com.android.support:design:23.1.1] AndroidManifest.xml:20:5-43
MERGED from [com.android.support:appcompat-v7:23.1.1] AndroidManifest.xml:20:5-43
MERGED from [com.android.support:support-v4:23.1.1] AndroidManifest.xml:20:5-43
MERGED from [com.android.support:recyclerview-v7:23.1.1] AndroidManifest.xml:20:5-43
MERGED from [com.android.support:support-v4:23.1.1] AndroidManifest.xml:20:5-43
MERGED from [com.android.support:support-v4:23.1.1] AndroidManifest.xml:20:5-43
	android:targetSdkVersion
		INJECTED from src/main/AndroidManifest.xml
		INJECTED from src/main/AndroidManifest.xml
	android:minSdkVersion
		INJECTED from src/main/AndroidManifest.xml
		INJECTED from src/main/AndroidManifest.xml